03-Dec-2020 09:02:38 CET  Initiating request to open file file:step1.root
03-Dec-2020 09:02:40 CET  Successfully opened file file:step1.root
Begin processing the 1st record. Run 1, Event 1, LumiSection 1 on stream 0 at 03-Dec-2020 09:04:23.340 CET
Begin processing the 2nd record. Run 1, Event 2, LumiSection 1 on stream 0 at 03-Dec-2020 09:04:42.214 CET
Begin processing the 3rd record. Run 1, Event 3, LumiSection 1 on stream 0 at 03-Dec-2020 09:04:50.978 CET
Begin processing the 4th record. Run 1, Event 4, LumiSection 1 on stream 0 at 03-Dec-2020 09:04:59.580 CET
Begin processing the 5th record. Run 1, Event 5, LumiSection 1 on stream 0 at 03-Dec-2020 09:05:08.256 CET
Begin processing the 6th record. Run 1, Event 6, LumiSection 1 on stream 0 at 03-Dec-2020 09:05:16.886 CET
Begin processing the 7th record. Run 1, Event 7, LumiSection 1 on stream 0 at 03-Dec-2020 09:05:25.392 CET
Begin processing the 8th record. Run 1, Event 8, LumiSection 1 on stream 0 at 03-Dec-2020 09:05:34.008 CET
Begin processing the 9th record. Run 1, Event 9, LumiSection 1 on stream 0 at 03-Dec-2020 09:05:42.609 CET
Begin processing the 10th record. Run 1, Event 10, LumiSection 1 on stream 0 at 03-Dec-2020 09:05:51.230 CET
03-Dec-2020 09:06:00 CET  Closed file file:step1.root

=============================================

MessageLogger Summary

 type     category        sev    module        subroutine        count    total
 ---- -------------------- -- ---------------- ----------------  -----    -----
    1 fileAction           -s file_close                             1        1
    2 fileAction           -s file_open                              2        2

 type    category    Examples: run/evt        run/evt          run/evt
 ---- -------------------- ---------------- ---------------- ----------------
    1 fileAction           PostGlobalEndRun                  
    2 fileAction           pre-events       pre-events       

Severity    # Occurrences   Total Occurrences
--------    -------------   -----------------
System                  3                   3

dropped waiting message count 0
